Build started 30/10/2018 8:51:19 AM.
     1>Project "D:\30-10-18\Chapter01_LIST\SingleLinkList\SingleLinkList.vcxproj" on node 2 (build target(s)).
     1>InitializeBuildStatus:
         Creating "Debug\SingleLinkList.unsuccessfulbuild" because "AlwaysCreate" was specified.
       ClCompile:
         C:\Program Files (x86)\Microsoft Visual Studio 10.0\VC\bin\CL.exe /c /ZI /nologo /W3 /WX- /Od /Oy- /D _MBCS /Gm /EHsc /RTC1 /MDd /GS /fp:precise /Zc:wchar_t /Zc:forScope /Fo"Debug\\" /Fd"Debug\vc100.pdb" /Gd /TP /analyze- /errorReport:prompt StudentList.cpp
         StudentList.cpp
       Link:
         C:\Program Files (x86)\Microsoft Visual Studio 10.0\VC\bin\link.exe /ERRORREPORT:PROMPT /OUT:"D:\30-10-18\Chapter01_LIST\Debug\SingleLinkList.exe" kernel32.lib user32.lib gdi32.lib winspool.lib comdlg32.lib advapi32.lib shell32.lib ole32.lib oleaut32.lib uuid.lib odbc32.lib odbccp32.lib /MANIFEST /ManifestFile:"Debug\SingleLinkList.exe.intermediate.manifest" /MANIFESTUAC:"level='asInvoker' uiAccess='false'" /DEBUG /PDB:"D:\30-10-18\Chapter01_LIST\Debug\SingleLinkList.pdb" /TLBID:1 /DYNAMICBASE /NXCOMPAT /IMPLIB:"D:\30-10-18\Chapter01_LIST\Debug\SingleLinkList.lib" /MACHINE:X86 Debug\StudentList.obj
         Microsoft (R) Incremental Linker Version 10.00.40219.01
         Copyright (C) Microsoft Corporation.  All rights reserved.
         
         "/OUT:D:\30-10-18\Chapter01_LIST\Debug\SingleLinkList.exe" kernel32.lib user32.lib gdi32.lib winspool.lib comdlg32.lib advapi32.lib shell32.lib ole32.lib oleaut32.lib uuid.lib odbc32.lib odbccp32.lib /MANIFEST "/ManifestFile:Debug\SingleLinkList.exe.intermediate.manifest" "/MANIFESTUAC:level='asInvoker' uiAccess='false'" /DEBUG "/PDB:D:\30-10-18\Chapter01_LIST\Debug\SingleLinkList.pdb" /TLBID:1 /DYNAMICBASE /NXCOMPAT "/IMPLIB:D:\30-10-18\Chapter01_LIST\Debug\SingleLinkList.lib" /MACHINE:X86 Debug\StudentList.obj 
         LINK : D:\30-10-18\Chapter01_LIST\Debug\SingleLinkList.exe not found or not built by the last incremental link; performing full link
         SingleLinkList.vcxproj -> D:\30-10-18\Chapter01_LIST\Debug\SingleLinkList.exe
       Manifest:
         C:\Program Files (x86)\Microsoft SDKs\Windows\v7.0A\bin\mt.exe /nologo /verbose /outputresource:"D:\30-10-18\Chapter01_LIST\Debug\SingleLinkList.exe;#1" /manifest Debug\SingleLinkList.exe.intermediate.manifest
       FinalizeBuildStatus:
         Deleting file "Debug\SingleLinkList.unsuccessfulbuild".
         Touching "Debug\SingleLinkList.lastbuildstate".
     1>Done Building Project "D:\30-10-18\Chapter01_LIST\SingleLinkList\SingleLinkList.vcxproj" (build target(s)).

Build succeeded.

Time Elapsed 00:00:00.58
